INFO	?	main	2017-05-05T20:48:43.107Z	org.javacs.Main#connectToNode	Connected to parent using socket on port 55282
INFO	?	main	2017-05-05T20:48:43.301Z	org.javacs.JavaLanguageServer#doLint	Lint /Volumes/Data/github/Doan/Project/WebBanHang/src/com/ads/bill/BillLibrary.java
SEVERE	?	main	2017-05-05T20:48:43.308Z	org.javacs.Main$4#onError	Can't find configuration file for /Volumes/Data/github/Doan/Project/WebBanHang/src/com/ads/bill/BillLibrary.java
org.javacs.ShowMessageException: Can't find configuration file for /Volumes/Data/github/Doan/Project/WebBanHang/src/com/ads/bill/BillLibrary.java
	at org.javacs.ShowMessageException.create(ShowMessageException.java:30)
	at org.javacs.ShowMessageException.warning(ShowMessageException.java:21)
	at org.javacs.JavaLanguageServer$1.didOpen(JavaLanguageServer.java:194)
	at io.typefox.lsapi.services.transport.server.LanguageServerEndpoint._doAccept(LanguageServerEndpoint.xtend:198)
	at io.typefox.lsapi.services.transport.server.LanguageServerEndpoint.doAccept(LanguageServerEndpoint.xtend:194)
	at io.typefox.lsapi.services.transport.server.LanguageServerEndpoint.accept(LanguageServerEndpoint.xtend:114)
	at io.typefox.lsapi.services.transport.server.LanguageServerEndpoint.accept(LanguageServerEndpoint.xtend)
	at io.typefox.lsapi.services.transport.AbstractLanguageEndpoint.handleMessage(LanguageEndpoint.xtend:67)
	at io.typefox.lsapi.services.transport.AbstractLanguageEndpoint.lambda$connect$4(LanguageEndpoint.xtend:61)
	at io.typefox.lsapi.services.transport.AbstractLanguageEndpoint$$Lambda$51/1502635287.accept(Unknown Source)
	at io.typefox.lsapi.services.json.StreamMessageReader$1.apply(StreamMessageReader.java:46)
	at io.typefox.lsapi.services.json.StreamMessageReader$1.apply(StreamMessageReader.java:44)
	at io.typefox.lsapi.services.json.StreamMessageReader.handleMessage(StreamMessageReader.xtend:128)
	at io.typefox.lsapi.services.json.StreamMessageReader.listen(StreamMessageReader.xtend:61)
	at io.typefox.lsapi.services.transport.AbstractLanguageEndpoint.connect(LanguageEndpoint.xtend:60)
	at org.javacs.Main.run(Main.java:150)
	at org.javacs.Main.main(Main.java:69)
Caused by: org.javacs.NoJavaConfigException: Can't find configuration file for /Volumes/Data/github/Doan/Project/WebBanHang/src/com/ads/bill/BillLibrary.java
	at org.javacs.JavaLanguageServer.lambda$findCompiler$22(JavaLanguageServer.java:453)
	at org.javacs.JavaLanguageServer$$Lambda$57/134310351.get(Unknown Source)
	at java.util.Optional.orElseThrow(Optional.java:290)
	at org.javacs.JavaLanguageServer.findCompiler(JavaLanguageServer.java:453)
	at org.javacs.JavaLanguageServer.doLint(JavaLanguageServer.java:301)
	at org.javacs.JavaLanguageServer.access$400(JavaLanguageServer.java:29)
	at org.javacs.JavaLanguageServer$1.didOpen(JavaLanguageServer.java:191)
	... 14 more

SEVERE	?	main	2017-05-05T20:48:43.331Z	org.javacs.Main$4#onError	Can't find configuration file for /Volumes/Data/github/Doan/Project/WebBanHang/src/com/ads/bill/BillLibrary.java
org.javacs.NoJavaConfigException: Can't find configuration file for /Volumes/Data/github/Doan/Project/WebBanHang/src/com/ads/bill/BillLibrary.java
	at org.javacs.JavaLanguageServer.lambda$findCompiler$22(JavaLanguageServer.java:453)
	at org.javacs.JavaLanguageServer$$Lambda$57/134310351.get(Unknown Source)
	at java.util.Optional.orElseThrow(Optional.java:290)
	at org.javacs.JavaLanguageServer.findCompiler(JavaLanguageServer.java:453)
	at org.javacs.JavaLanguageServer.lambda$findSymbol$31(JavaLanguageServer.java:740)
	at org.javacs.JavaLanguageServer$$Lambda$58/494586676.apply(Unknown Source)
	at java.util.Optional.flatMap(Optional.java:241)
	at org.javacs.JavaLanguageServer.findSymbol(JavaLanguageServer.java:739)
	at org.javacs.JavaLanguageServer.doHover(JavaLanguageServer.java:888)
	at org.javacs.JavaLanguageServer$1.hover(JavaLanguageServer.java:116)
	at io.typefox.lsapi.services.transport.server.LanguageServerEndpoint._doAccept(LanguageServerEndpoint.xtend:130)
	at io.typefox.lsapi.services.transport.server.LanguageServerEndpoint.doAccept(LanguageServerEndpoint.xtend:117)
	at io.typefox.lsapi.services.transport.server.LanguageServerEndpoint.accept(LanguageServerEndpoint.xtend:114)
	at io.typefox.lsapi.services.transport.server.LanguageServerEndpoint.accept(LanguageServerEndpoint.xtend)
	at io.typefox.lsapi.services.transport.AbstractLanguageEndpoint.handleMessage(LanguageEndpoint.xtend:67)
	at io.typefox.lsapi.services.transport.AbstractLanguageEndpoint.lambda$connect$4(LanguageEndpoint.xtend:61)
	at io.typefox.lsapi.services.transport.AbstractLanguageEndpoint$$Lambda$51/1502635287.accept(Unknown Source)
	at io.typefox.lsapi.services.json.StreamMessageReader$1.apply(StreamMessageReader.java:46)
	at io.typefox.lsapi.services.json.StreamMessageReader$1.apply(StreamMessageReader.java:44)
	at io.typefox.lsapi.services.json.StreamMessageReader.handleMessage(StreamMessageReader.xtend:128)
	at io.typefox.lsapi.services.json.StreamMessageReader.listen(StreamMessageReader.xtend:61)
	at io.typefox.lsapi.services.transport.AbstractLanguageEndpoint.connect(LanguageEndpoint.xtend:60)
	at org.javacs.Main.run(Main.java:150)
	at org.javacs.Main.main(Main.java:69)

INFO	?	main	2017-05-05T20:48:53.183Z	org.javacs.JavaLanguageServer#doLint	Lint /Volumes/Data/github/Doan/Project/WebBanHang/src/com/ads/product/category/CategoryAE.java
SEVERE	?	main	2017-05-05T20:48:53.184Z	org.javacs.Main$4#onError	Can't find configuration file for /Volumes/Data/github/Doan/Project/WebBanHang/src/com/ads/product/category/CategoryAE.java
org.javacs.ShowMessageException: Can't find configuration file for /Volumes/Data/github/Doan/Project/WebBanHang/src/com/ads/product/category/CategoryAE.java
	at org.javacs.ShowMessageException.create(ShowMessageException.java:30)
	at org.javacs.ShowMessageException.warning(ShowMessageException.java:21)
	at org.javacs.JavaLanguageServer$1.didOpen(JavaLanguageServer.java:194)
	at io.typefox.lsapi.services.transport.server.LanguageServerEndpoint._doAccept(LanguageServerEndpoint.xtend:198)
	at io.typefox.lsapi.services.transport.server.LanguageServerEndpoint.doAccept(LanguageServerEndpoint.xtend:194)
	at io.typefox.lsapi.services.transport.server.LanguageServerEndpoint.accept(LanguageServerEndpoint.xtend:114)
	at io.typefox.lsapi.services.transport.server.LanguageServerEndpoint.accept(LanguageServerEndpoint.xtend)
	at io.typefox.lsapi.services.transport.AbstractLanguageEndpoint.handleMessage(LanguageEndpoint.xtend:67)
	at io.typefox.lsapi.services.transport.AbstractLanguageEndpoint.lambda$connect$4(LanguageEndpoint.xtend:61)
	at io.typefox.lsapi.services.transport.AbstractLanguageEndpoint$$Lambda$51/1502635287.accept(Unknown Source)
	at io.typefox.lsapi.services.json.StreamMessageReader$1.apply(StreamMessageReader.java:46)
	at io.typefox.lsapi.services.json.StreamMessageReader$1.apply(StreamMessageReader.java:44)
	at io.typefox.lsapi.services.json.StreamMessageReader.handleMessage(StreamMessageReader.xtend:128)
	at io.typefox.lsapi.services.json.StreamMessageReader.listen(StreamMessageReader.xtend:61)
	at io.typefox.lsapi.services.transport.AbstractLanguageEndpoint.connect(LanguageEndpoint.xtend:60)
	at org.javacs.Main.run(Main.java:150)
	at org.javacs.Main.main(Main.java:69)
Caused by: org.javacs.NoJavaConfigException: Can't find configuration file for /Volumes/Data/github/Doan/Project/WebBanHang/src/com/ads/product/category/CategoryAE.java
	at org.javacs.JavaLanguageServer.lambda$findCompiler$22(JavaLanguageServer.java:453)
	at org.javacs.JavaLanguageServer$$Lambda$57/134310351.get(Unknown Source)
	at java.util.Optional.orElseThrow(Optional.java:290)
	at org.javacs.JavaLanguageServer.findCompiler(JavaLanguageServer.java:453)
	at org.javacs.JavaLanguageServer.doLint(JavaLanguageServer.java:301)
	at org.javacs.JavaLanguageServer.access$400(JavaLanguageServer.java:29)
	at org.javacs.JavaLanguageServer$1.didOpen(JavaLanguageServer.java:191)
	... 14 more

SEVERE	?	main	2017-05-05T20:48:53.186Z	org.javacs.Main$4#onError	Can't find configuration file for /Volumes/Data/github/Doan/Project/WebBanHang/src/com/ads/bill/BillLibrary.java
org.javacs.NoJavaConfigException: Can't find configuration file for /Volumes/Data/github/Doan/Project/WebBanHang/src/com/ads/bill/BillLibrary.java
	at org.javacs.JavaLanguageServer.lambda$findCompiler$22(JavaLanguageServer.java:453)
	at org.javacs.JavaLanguageServer$$Lambda$57/134310351.get(Unknown Source)
	at java.util.Optional.orElseThrow(Optional.java:290)
	at org.javacs.JavaLanguageServer.findCompiler(JavaLanguageServer.java:453)
	at org.javacs.JavaLanguageServer$1.didClose(JavaLanguageServer.java:225)
	at io.typefox.lsapi.services.transport.server.LanguageServerEndpoint._doAccept(LanguageServerEndpoint.xtend:202)
	at io.typefox.lsapi.services.transport.server.LanguageServerEndpoint.doAccept(LanguageServerEndpoint.xtend:194)
	at io.typefox.lsapi.services.transport.server.LanguageServerEndpoint.accept(LanguageServerEndpoint.xtend:114)
	at io.typefox.lsapi.services.transport.server.LanguageServerEndpoint.accept(LanguageServerEndpoint.xtend)
	at io.typefox.lsapi.services.transport.AbstractLanguageEndpoint.handleMessage(LanguageEndpoint.xtend:67)
	at io.typefox.lsapi.services.transport.AbstractLanguageEndpoint.lambda$connect$4(LanguageEndpoint.xtend:61)
	at io.typefox.lsapi.services.transport.AbstractLanguageEndpoint$$Lambda$51/1502635287.accept(Unknown Source)
	at io.typefox.lsapi.services.json.StreamMessageReader$1.apply(StreamMessageReader.java:46)
	at io.typefox.lsapi.services.json.StreamMessageReader$1.apply(StreamMessageReader.java:44)
	at io.typefox.lsapi.services.json.StreamMessageReader.handleMessage(StreamMessageReader.xtend:128)
	at io.typefox.lsapi.services.json.StreamMessageReader.listen(StreamMessageReader.xtend:61)
	at io.typefox.lsapi.services.transport.AbstractLanguageEndpoint.connect(LanguageEndpoint.xtend:60)
	at org.javacs.Main.run(Main.java:150)
	at org.javacs.Main.main(Main.java:69)

INFO	?	main	2017-05-05T20:49:09.051Z	org.javacs.JavaLanguageServer#doLint	Lint /Volumes/Data/github/Doan/Project/WebBanHang/src/com/ads/product/ProductView.java
SEVERE	?	main	2017-05-05T20:49:09.052Z	org.javacs.Main$4#onError	Can't find configuration file for /Volumes/Data/github/Doan/Project/WebBanHang/src/com/ads/product/ProductView.java
org.javacs.ShowMessageException: Can't find configuration file for /Volumes/Data/github/Doan/Project/WebBanHang/src/com/ads/product/ProductView.java
	at org.javacs.ShowMessageException.create(ShowMessageException.java:30)
	at org.javacs.ShowMessageException.warning(ShowMessageException.java:21)
	at org.javacs.JavaLanguageServer$1.didOpen(JavaLanguageServer.java:194)
	at io.typefox.lsapi.services.transport.server.LanguageServerEndpoint._doAccept(LanguageServerEndpoint.xtend:198)
	at io.typefox.lsapi.services.transport.server.LanguageServerEndpoint.doAccept(LanguageServerEndpoint.xtend:194)
	at io.typefox.lsapi.services.transport.server.LanguageServerEndpoint.accept(LanguageServerEndpoint.xtend:114)
	at io.typefox.lsapi.services.transport.server.LanguageServerEndpoint.accept(LanguageServerEndpoint.xtend)
	at io.typefox.lsapi.services.transport.AbstractLanguageEndpoint.handleMessage(LanguageEndpoint.xtend:67)
	at io.typefox.lsapi.services.transport.AbstractLanguageEndpoint.lambda$connect$4(LanguageEndpoint.xtend:61)
	at io.typefox.lsapi.services.transport.AbstractLanguageEndpoint$$Lambda$51/1502635287.accept(Unknown Source)
	at io.typefox.lsapi.services.json.StreamMessageReader$1.apply(StreamMessageReader.java:46)
	at io.typefox.lsapi.services.json.StreamMessageReader$1.apply(StreamMessageReader.java:44)
	at io.typefox.lsapi.services.json.StreamMessageReader.handleMessage(StreamMessageReader.xtend:128)
	at io.typefox.lsapi.services.json.StreamMessageReader.listen(StreamMessageReader.xtend:61)
	at io.typefox.lsapi.services.transport.AbstractLanguageEndpoint.connect(LanguageEndpoint.xtend:60)
	at org.javacs.Main.run(Main.java:150)
	at org.javacs.Main.main(Main.java:69)
Caused by: org.javacs.NoJavaConfigException: Can't find configuration file for /Volumes/Data/github/Doan/Project/WebBanHang/src/com/ads/product/ProductView.java
	at org.javacs.JavaLanguageServer.lambda$findCompiler$22(JavaLanguageServer.java:453)
	at org.javacs.JavaLanguageServer$$Lambda$57/134310351.get(Unknown Source)
	at java.util.Optional.orElseThrow(Optional.java:290)
	at org.javacs.JavaLanguageServer.findCompiler(JavaLanguageServer.java:453)
	at org.javacs.JavaLanguageServer.doLint(JavaLanguageServer.java:301)
	at org.javacs.JavaLanguageServer.access$400(JavaLanguageServer.java:29)
	at org.javacs.JavaLanguageServer$1.didOpen(JavaLanguageServer.java:191)
	... 14 more

SEVERE	?	main	2017-05-05T20:49:09.054Z	org.javacs.Main$4#onError	Can't find configuration file for /Volumes/Data/github/Doan/Project/WebBanHang/src/com/ads/product/category/CategoryAE.java
org.javacs.NoJavaConfigException: Can't find configuration file for /Volumes/Data/github/Doan/Project/WebBanHang/src/com/ads/product/category/CategoryAE.java
	at org.javacs.JavaLanguageServer.lambda$findCompiler$22(JavaLanguageServer.java:453)
	at org.javacs.JavaLanguageServer$$Lambda$57/134310351.get(Unknown Source)
	at java.util.Optional.orElseThrow(Optional.java:290)
	at org.javacs.JavaLanguageServer.findCompiler(JavaLanguageServer.java:453)
	at org.javacs.JavaLanguageServer$1.didClose(JavaLanguageServer.java:225)
	at io.typefox.lsapi.services.transport.server.LanguageServerEndpoint._doAccept(LanguageServerEndpoint.xtend:202)
	at io.typefox.lsapi.services.transport.server.LanguageServerEndpoint.doAccept(LanguageServerEndpoint.xtend:194)
	at io.typefox.lsapi.services.transport.server.LanguageServerEndpoint.accept(LanguageServerEndpoint.xtend:114)
	at io.typefox.lsapi.services.transport.server.LanguageServerEndpoint.accept(LanguageServerEndpoint.xtend)
	at io.typefox.lsapi.services.transport.AbstractLanguageEndpoint.handleMessage(LanguageEndpoint.xtend:67)
	at io.typefox.lsapi.services.transport.AbstractLanguageEndpoint.lambda$connect$4(LanguageEndpoint.xtend:61)
	at io.typefox.lsapi.services.transport.AbstractLanguageEndpoint$$Lambda$51/1502635287.accept(Unknown Source)
	at io.typefox.lsapi.services.json.StreamMessageReader$1.apply(StreamMessageReader.java:46)
	at io.typefox.lsapi.services.json.StreamMessageReader$1.apply(StreamMessageReader.java:44)
	at io.typefox.lsapi.services.json.StreamMessageReader.handleMessage(StreamMessageReader.xtend:128)
	at io.typefox.lsapi.services.json.StreamMessageReader.listen(StreamMessageReader.xtend:61)
	at io.typefox.lsapi.services.transport.AbstractLanguageEndpoint.connect(LanguageEndpoint.xtend:60)
	at org.javacs.Main.run(Main.java:150)
	at org.javacs.Main.main(Main.java:69)

SEVERE	?	main	2017-05-05T20:50:04.780Z	org.javacs.Main$4#onError	Can't find configuration file for /Volumes/Data/github/Doan/Project/WebBanHang/src/com/ads/product/ProductView.java
org.javacs.NoJavaConfigException: Can't find configuration file for /Volumes/Data/github/Doan/Project/WebBanHang/src/com/ads/product/ProductView.java
	at org.javacs.JavaLanguageServer.lambda$findCompiler$22(JavaLanguageServer.java:453)
	at org.javacs.JavaLanguageServer$$Lambda$57/134310351.get(Unknown Source)
	at java.util.Optional.orElseThrow(Optional.java:290)
	at org.javacs.JavaLanguageServer.findCompiler(JavaLanguageServer.java:453)
	at org.javacs.JavaLanguageServer.lambda$findSymbol$31(JavaLanguageServer.java:740)
	at org.javacs.JavaLanguageServer$$Lambda$58/494586676.apply(Unknown Source)
	at java.util.Optional.flatMap(Optional.java:241)
	at org.javacs.JavaLanguageServer.findSymbol(JavaLanguageServer.java:739)
	at org.javacs.JavaLanguageServer.doHover(JavaLanguageServer.java:888)
	at org.javacs.JavaLanguageServer$1.hover(JavaLanguageServer.java:116)
	at io.typefox.lsapi.services.transport.server.LanguageServerEndpoint._doAccept(LanguageServerEndpoint.xtend:130)
	at io.typefox.lsapi.services.transport.server.LanguageServerEndpoint.doAccept(LanguageServerEndpoint.xtend:117)
	at io.typefox.lsapi.services.transport.server.LanguageServerEndpoint.accept(LanguageServerEndpoint.xtend:114)
	at io.typefox.lsapi.services.transport.server.LanguageServerEndpoint.accept(LanguageServerEndpoint.xtend)
	at io.typefox.lsapi.services.transport.AbstractLanguageEndpoint.handleMessage(LanguageEndpoint.xtend:67)
	at io.typefox.lsapi.services.transport.AbstractLanguageEndpoint.lambda$connect$4(LanguageEndpoint.xtend:61)
	at io.typefox.lsapi.services.transport.AbstractLanguageEndpoint$$Lambda$51/1502635287.accept(Unknown Source)
	at io.typefox.lsapi.services.json.StreamMessageReader$1.apply(StreamMessageReader.java:46)
	at io.typefox.lsapi.services.json.StreamMessageReader$1.apply(StreamMessageReader.java:44)
	at io.typefox.lsapi.services.json.StreamMessageReader.handleMessage(StreamMessageReader.xtend:128)
	at io.typefox.lsapi.services.json.StreamMessageReader.listen(StreamMessageReader.xtend:61)
	at io.typefox.lsapi.services.transport.AbstractLanguageEndpoint.connect(LanguageEndpoint.xtend:60)
	at org.javacs.Main.run(Main.java:150)
	at org.javacs.Main.main(Main.java:69)

SEVERE	?	main	2017-05-05T20:50:06.490Z	org.javacs.Main$4#onError	Can't find configuration file for /Volumes/Data/github/Doan/Project/WebBanHang/src/com/ads/product/ProductView.java
org.javacs.NoJavaConfigException: Can't find configuration file for /Volumes/Data/github/Doan/Project/WebBanHang/src/com/ads/product/ProductView.java
	at org.javacs.JavaLanguageServer.lambda$findCompiler$22(JavaLanguageServer.java:453)
	at org.javacs.JavaLanguageServer$$Lambda$57/134310351.get(Unknown Source)
	at java.util.Optional.orElseThrow(Optional.java:290)
	at org.javacs.JavaLanguageServer.findCompiler(JavaLanguageServer.java:453)
	at org.javacs.JavaLanguageServer$1.didClose(JavaLanguageServer.java:225)
	at io.typefox.lsapi.services.transport.server.LanguageServerEndpoint._doAccept(LanguageServerEndpoint.xtend:202)
	at io.typefox.lsapi.services.transport.server.LanguageServerEndpoint.doAccept(LanguageServerEndpoint.xtend:194)
	at io.typefox.lsapi.services.transport.server.LanguageServerEndpoint.accept(LanguageServerEndpoint.xtend:114)
	at io.typefox.lsapi.services.transport.server.LanguageServerEndpoint.accept(LanguageServerEndpoint.xtend)
	at io.typefox.lsapi.services.transport.AbstractLanguageEndpoint.handleMessage(LanguageEndpoint.xtend:67)
	at io.typefox.lsapi.services.transport.AbstractLanguageEndpoint.lambda$connect$4(LanguageEndpoint.xtend:61)
	at io.typefox.lsapi.services.transport.AbstractLanguageEndpoint$$Lambda$51/1502635287.accept(Unknown Source)
	at io.typefox.lsapi.services.json.StreamMessageReader$1.apply(StreamMessageReader.java:46)
	at io.typefox.lsapi.services.json.StreamMessageReader$1.apply(StreamMessageReader.java:44)
	at io.typefox.lsapi.services.json.StreamMessageReader.handleMessage(StreamMessageReader.xtend:128)
	at io.typefox.lsapi.services.json.StreamMessageReader.listen(StreamMessageReader.xtend:61)
	at io.typefox.lsapi.services.transport.AbstractLanguageEndpoint.connect(LanguageEndpoint.xtend:60)
	at org.javacs.Main.run(Main.java:150)
	at org.javacs.Main.main(Main.java:69)

